<?xml version="1.0" encoding="UTF-8"?>
<testng-results ignored="0" total="1" passed="1" failed="0" skipped="0">
  <reporter-output>
  </reporter-output>
  <suite started-at="2022-06-22T14:31:16 PKT" name="Default suite" finished-at="2022-06-22T14:31:33 PKT" duration-ms="16492">
    <groups>
    </groups>
    <test started-at="2022-06-22T14:31:16 PKT" name="Default test" finished-at="2022-06-22T14:31:33 PKT" duration-ms="16492">
      <class name="com.erp.testCases.TC_LoginTest_001">
        <test-method is-config="true" signature="step()[pri:0, instance:com.erp.testCases.TC_LoginTest_001@61c4eee0]" started-at="2022-06-22T14:31:16 PKT" name="step" finished-at="2022-06-22T14:31:19 PKT" duration-ms="2766" status="PASS">
          <reporter-output>
          </reporter-output>
        </test-method> <!-- step -->
        <test-method signature="loginTest()[pri:0, instance:com.erp.testCases.TC_LoginTest_001@61c4eee0]" started-at="2022-06-22T14:31:19 PKT" name="loginTest" finished-at="2022-06-22T14:31:33 PKT" duration-ms="13674" status="PASS">
          <reporter-output>
          </reporter-output>
        </test-method> <!-- loginTest -->
        <test-method is-config="true" signature="tearDown()[pri:0, instance:com.erp.testCases.TC_LoginTest_001@61c4eee0]" started-at="2022-06-22T14:31:33 PKT" name="tearDown" finished-at="2022-06-22T14:31:33 PKT" duration-ms="0" status="PASS">
          <reporter-output>
          </reporter-output>
        </test-method> <!-- tearDown -->
      </class> <!-- com.erp.testCases.TC_LoginTest_001 -->
    </test> <!-- Default test -->
  </suite> <!-- Default suite -->
</testng-results>
